Start testing: Jan 17 16:15 EST
----------------------------------------------------------
1/2 Testing: Santiy Check
1/2 Test: Santiy Check
Command: "/home/jonahr/Documents/Cpp/neows/build/Tests" "Santiy Check"
Directory: /home/jonahr/Documents/Cpp/neows/build
"Santiy Check" start time: Jan 17 16:15 EST
Output:
----------------------------------------------------------
Filters: "Santiy Check"
Randomness seeded to: 1360612267
===============================================================================
All tests passed (1 assertion in 1 test case)

<end of output>
Test time =   0.00 sec
----------------------------------------------------------
Test Passed.
"Santiy Check" end time: Jan 17 16:15 EST
"Santiy Check" time elapsed: 00:00:00
----------------------------------------------------------

2/2 Testing: Asteroid Position
2/2 Test: Asteroid Position
Command: "/home/jonahr/Documents/Cpp/neows/build/Tests" "Asteroid Position"
Directory: /home/jonahr/Documents/Cpp/neows/build
"Asteroid Position" start time: Jan 17 16:15 EST
Output:
----------------------------------------------------------
Filters: "Asteroid Position"
Randomness seeded to: 2118815691

~~~~~~~~~~~~~~~~~~~~~~~~~~~~~~~~~~~~~~~~~~~~~~~~~~~~~~~~~~~~~~~~~~~~~~~~~~~~~~~
Tests is a Catch2 v3.7.1 host application.
Run with -? for options

-------------------------------------------------------------------------------
Asteroid Position
-------------------------------------------------------------------------------
/home/jonahr/Documents/Cpp/neows/tests/test.cpp:11
...............................................................................

/home/jonahr/Documents/Cpp/neows/tests/test.cpp:12: FAILED:
  REQUIRE( 1 == 2 )

===============================================================================
test cases: 1 | 1 failed
assertions: 1 | 1 failed

<end of output>
Test time =   0.00 sec
----------------------------------------------------------
Test Failed.
"Asteroid Position" end time: Jan 17 16:15 EST
"Asteroid Position" time elapsed: 00:00:00
----------------------------------------------------------

End testing: Jan 17 16:15 EST
