Start testing: Jan 18 11:33 EST
----------------------------------------------------------
2/2 Testing: Asteroid Position
2/2 Test: Asteroid Position
Command: "/home/jonahr/Documents/Cpp/neows/Tests" "Asteroid Position"
Directory: /home/jonahr/Documents/Cpp/neows
"Asteroid Position" start time: Jan 18 11:33 EST
Output:
----------------------------------------------------------
Filters: "Asteroid Position"
Randomness seeded to: 3049971407

~~~~~~~~~~~~~~~~~~~~~~~~~~~~~~~~~~~~~~~~~~~~~~~~~~~~~~~~~~~~~~~~~~~~~~~~~~~~~~~
Tests is a Catch2 v3.7.1 host application.
Run with -? for options

-------------------------------------------------------------------------------
Asteroid Position
-------------------------------------------------------------------------------
/home/jonahr/Documents/Cpp/neows/tests/test.cpp:11
...............................................................................

/home/jonahr/Documents/Cpp/neows/tests/test.cpp:12: FAILED:
  REQUIRE( 1 == 2 )

===============================================================================
test cases: 1 | 1 failed
assertions: 1 | 1 failed

<end of output>
Test time =   0.00 sec
----------------------------------------------------------
Test Failed.
"Asteroid Position" end time: Jan 18 11:33 EST
"Asteroid Position" time elapsed: 00:00:00
----------------------------------------------------------

End testing: Jan 18 11:33 EST
